TN:
SF:jest.config.js
FNF:0
FNH:0
DA:3,0
LF:1
LH:0
BRF:0
BRH:0
end_of_record
TN:
SF:coverage/lcov-report/block-navigation.js
FN:2,init
FN:24,toggleClass
FN:31,makeCurrent
FN:41,goToPrevious
FN:52,goToNext
FN:65,jump
FNF:6
FNH:0
FNDA:0,init
FNDA:0,toggleClass
FNDA:0,makeCurrent
FNDA:0,goToPrevious
FNDA:0,goToNext
FNDA:0,jump
DA:2,0
DA:4,0
DA:7,0
DA:10,0
DA:14,0
DA:20,0
DA:25,0
DA:28,0
DA:32,0
DA:33,0
DA:34,0
DA:42,0
DA:43,0
DA:44,0
DA:45,0
DA:46,0
DA:49,0
DA:53,0
DA:55,0
DA:59,0
DA:62,0
DA:65,0
DA:66,0
DA:71,0
DA:74,0
DA:77,0
DA:78,0
DA:82,0
DA:83,0
DA:87,0
LF:30
LH:0
BRDA:43,0,0,0
BRDA:43,0,1,0
BRDA:43,1,0,0
BRDA:43,1,1,0
BRDA:45,2,0,0
BRDA:55,3,0,0
BRDA:56,4,0,0
BRDA:56,4,1,0
BRDA:66,5,0,0
BRDA:67,6,0,0
BRDA:67,6,1,0
BRDA:74,7,0,0
BRDA:74,7,1,0
BRDA:74,7,2,0
BRDA:74,7,3,0
BRDA:74,7,4,0
BRF:16
BRH:0
end_of_record
TN:
SF:coverage/lcov-report/prettify.js
FN:2,(anonymous_0)
FN:2,k
FN:2,ab
FN:2,T
FN:2,X
FN:2,(anonymous_5)
FN:2,W
FN:2,(anonymous_7)
FN:2,a
FN:2,aa
FN:2,B
FN:2,o
FN:2,g
FN:2,(anonymous_13)
FN:2,(anonymous_14)
FN:2,i
FN:2,Q
FN:2,ae
FN:2,ad
FN:2,ai
FN:2,D
FN:2,c
FN:2,q
FN:2,d
FN:2,y
FN:2,b
FN:2,Y
FN:2,(anonymous_27)
FN:2,U
FNF:29
FNH:0
FNDA:0,(anonymous_0)
FNDA:0,k
FNDA:0,ab
FNDA:0,T
FNDA:0,X
FNDA:0,(anonymous_5)
FNDA:0,W
FNDA:0,(anonymous_7)
FNDA:0,a
FNDA:0,aa
FNDA:0,B
FNDA:0,o
FNDA:0,g
FNDA:0,(anonymous_13)
FNDA:0,(anonymous_14)
FNDA:0,i
FNDA:0,Q
FNDA:0,ae
FNDA:0,ad
FNDA:0,ai
FNDA:0,D
FNDA:0,c
FNDA:0,q
FNDA:0,d
FNDA:0,y
FNDA:0,b
FNDA:0,Y
FNDA:0,(anonymous_27)
FNDA:0,U
DA:2,0
LF:1
LH:0
BRDA:2,0,0,0
BRDA:2,0,1,0
BRDA:2,1,0,0
BRDA:2,2,0,0
BRDA:2,3,0,0
BRDA:2,3,1,0
BRDA:2,4,0,0
BRDA:2,4,1,0
BRDA:2,5,0,0
BRDA:2,5,1,0
BRDA:2,6,0,0
BRDA:2,6,1,0
BRDA:2,7,0,0
BRDA:2,7,1,0
BRDA:2,8,0,0
BRDA:2,9,0,0
BRDA:2,9,1,0
BRDA:2,10,0,0
BRDA:2,11,0,0
BRDA:2,11,1,0
BRDA:2,11,2,0
BRDA:2,11,3,0
BRDA:2,12,0,0
BRDA:2,12,1,0
BRDA:2,13,0,0
BRDA:2,13,1,0
BRDA:2,14,0,0
BRDA:2,14,1,0
BRDA:2,15,0,0
BRDA:2,15,1,0
BRDA:2,16,0,0
BRDA:2,17,0,0
BRDA:2,17,1,0
BRDA:2,18,0,0
BRDA:2,19,0,0
BRDA:2,19,1,0
BRDA:2,20,0,0
BRDA:2,21,0,0
BRDA:2,21,1,0
BRDA:2,22,0,0
BRDA:2,22,1,0
BRDA:2,23,0,0
BRDA:2,23,1,0
BRDA:2,24,0,0
BRDA:2,25,0,0
BRDA:2,26,0,0
BRDA:2,27,0,0
BRDA:2,27,1,0
BRDA:2,28,0,0
BRDA:2,29,0,0
BRDA:2,30,0,0
BRDA:2,30,1,0
BRDA:2,31,0,0
BRDA:2,32,0,0
BRDA:2,32,1,0
BRDA:2,33,0,0
BRDA:2,34,0,0
BRDA:2,35,0,0
BRDA:2,36,0,0
BRDA:2,36,1,0
BRDA:2,37,0,0
BRDA:2,38,0,0
BRDA:2,38,1,0
BRDA:2,39,0,0
BRDA:2,40,0,0
BRDA:2,40,1,0
BRDA:2,41,0,0
BRDA:2,41,1,0
BRDA:2,42,0,0
BRDA:2,42,1,0
BRDA:2,43,0,0
BRDA:2,44,0,0
BRDA:2,45,0,0
BRDA:2,45,1,0
BRDA:2,46,0,0
BRDA:2,46,1,0
BRDA:2,47,0,0
BRDA:2,47,1,0
BRDA:2,48,0,0
BRDA:2,49,0,0
BRDA:2,49,1,0
BRDA:2,50,0,0
BRDA:2,50,1,0
BRDA:2,50,2,0
BRDA:2,51,0,0
BRDA:2,52,0,0
BRDA:2,53,0,0
BRDA:2,53,1,0
BRDA:2,54,0,0
BRDA:2,55,0,0
BRDA:2,55,1,0
BRDA:2,56,0,0
BRDA:2,57,0,0
BRDA:2,57,1,0
BRDA:2,58,0,0
BRDA:2,58,1,0
BRDA:2,59,0,0
BRDA:2,59,1,0
BRDA:2,60,0,0
BRDA:2,60,1,0
BRDA:2,61,0,0
BRDA:2,61,1,0
BRDA:2,62,0,0
BRDA:2,63,0,0
BRDA:2,64,0,0
BRDA:2,64,1,0
BRDA:2,65,0,0
BRDA:2,65,1,0
BRDA:2,66,0,0
BRDA:2,66,1,0
BRDA:2,67,0,0
BRDA:2,68,0,0
BRDA:2,69,0,0
BRDA:2,69,1,0
BRDA:2,70,0,0
BRDA:2,71,0,0
BRDA:2,71,1,0
BRDA:2,72,0,0
BRDA:2,72,1,0
BRDA:2,73,0,0
BRDA:2,74,0,0
BRDA:2,74,1,0
BRDA:2,75,0,0
BRDA:2,76,0,0
BRDA:2,76,1,0
BRDA:2,77,0,0
BRDA:2,77,1,0
BRDA:2,78,0,0
BRDA:2,79,0,0
BRDA:2,80,0,0
BRDA:2,80,1,0
BRDA:2,81,0,0
BRDA:2,81,1,0
BRDA:2,82,0,0
BRDA:2,83,0,0
BRDA:2,84,0,0
BRDA:2,85,0,0
BRDA:2,86,0,0
BRDA:2,86,1,0
BRDA:2,87,0,0
BRDA:2,88,0,0
BRDA:2,88,1,0
BRDA:2,89,0,0
BRDA:2,89,1,0
BRDA:2,89,2,0
BRDA:2,90,0,0
BRDA:2,91,0,0
BRDA:2,91,1,0
BRDA:2,92,0,0
BRDA:2,93,0,0
BRDA:2,94,0,0
BRDA:2,95,0,0
BRDA:2,96,0,0
BRDA:2,97,0,0
BRDA:2,98,0,0
BRDA:2,98,1,0
BRDA:2,99,0,0
BRDA:2,100,0,0
BRDA:2,100,1,0
BRDA:2,101,0,0
BRDA:2,102,0,0
BRDA:2,102,1,0
BRDA:2,103,0,0
BRDA:2,104,0,0
BRDA:2,104,1,0
BRDA:2,105,0,0
BRDA:2,105,1,0
BRDA:2,106,0,0
BRDA:2,106,1,0
BRDA:2,107,0,0
BRDA:2,107,1,0
BRDA:2,108,0,0
BRDA:2,109,0,0
BRDA:2,109,1,0
BRDA:2,110,0,0
BRDA:2,111,0,0
BRDA:2,112,0,0
BRDA:2,113,0,0
BRDA:2,114,0,0
BRDA:2,114,1,0
BRDA:2,115,0,0
BRDA:2,116,0,0
BRDA:2,117,0,0
BRDA:2,117,1,0
BRDA:2,118,0,0
BRDA:2,118,1,0
BRDA:2,119,0,0
BRDA:2,120,0,0
BRDA:2,120,1,0
BRDA:2,121,0,0
BRDA:2,121,1,0
BRDA:2,122,0,0
BRDA:2,123,0,0
BRDA:2,124,0,0
BRDA:2,124,1,0
BRDA:2,125,0,0
BRDA:2,125,1,0
BRDA:2,126,0,0
BRDA:2,127,0,0
BRDA:2,128,0,0
BRDA:2,128,1,0
BRDA:2,128,2,0
BRDA:2,129,0,0
BRDA:2,130,0,0
BRDA:2,131,0,0
BRDA:2,131,1,0
BRDA:2,131,2,0
BRDA:2,131,3,0
BRDA:2,131,4,0
BRDA:2,132,0,0
BRDA:2,133,0,0
BRDA:2,133,1,0
BRDA:2,134,0,0
BRDA:2,134,1,0
BRDA:2,135,0,0
BRDA:2,135,1,0
BRDA:2,136,0,0
BRDA:2,137,0,0
BRDA:2,137,1,0
BRDA:2,138,0,0
BRF:220
BRH:0
end_of_record
TN:
SF:coverage/lcov-report/sorter.js
FN:2,(anonymous_0)
FN:11,getTable
FN:15,getTableHeader
FN:19,getTableBody
FN:23,getNthColumn
FN:27,onFilterInput
FN:45,addSearchBox
FN:53,loadColumns
FN:78,loadRowData
FN:97,loadData
FN:106,sortByIndex
FN:108,(anonymous_11)
FN:120,(anonymous_12)
FN:137,removeSortIndicators
FN:145,addSortIndicators
FN:151,enableUI
FN:154,ithSorter
FN:157,(anonymous_17)
FN:184,(anonymous_18)
FNF:19
FNH:0
FNDA:0,(anonymous_0)
FNDA:0,getTable
FNDA:0,getTableHeader
FNDA:0,getTableBody
FNDA:0,getNthColumn
FNDA:0,onFilterInput
FNDA:0,addSearchBox
FNDA:0,loadColumns
FNDA:0,loadRowData
FNDA:0,loadData
FNDA:0,sortByIndex
FNDA:0,(anonymous_11)
FNDA:0,(anonymous_12)
FNDA:0,removeSortIndicators
FNDA:0,addSortIndicators
FNDA:0,enableUI
FNDA:0,ithSorter
FNDA:0,(anonymous_17)
FNDA:0,(anonymous_18)
DA:2,0
DA:5,0
DA:12,0
DA:16,0
DA:20,0
DA:24,0
DA:28,0
DA:29,0
DA:30,0
DA:31,0
DA:32,0
DA:37,0
DA:39,0
DA:46,0
DA:47,0
DA:48,0
DA:49,0
DA:54,0
DA:56,0
DA:60,0
DA:61,0
DA:62,0
DA:67,0
DA:68,0
DA:69,0
DA:70,0
DA:74,0
DA:79,0
DA:82,0
DA:85,0
DA:86,0
DA:87,0
DA:88,0
DA:89,0
DA:90,0
DA:92,0
DA:94,0
DA:98,0
DA:101,0
DA:102,0
DA:107,0
DA:108,0
DA:109,0
DA:110,0
DA:111,0
DA:113,0
DA:114,0
DA:115,0
DA:116,0
DA:119,0
DA:120,0
DA:121,0
DA:125,0
DA:126,0
DA:127,0
DA:130,0
DA:132,0
DA:133,0
DA:138,0
DA:139,0
DA:141,0
DA:142,0
DA:146,0
DA:154,0
DA:155,0
DA:157,0
DA:158,0
DA:160,0
DA:161,0
DA:163,0
DA:164,0
DA:165,0
DA:166,0
DA:167,0
DA:170,0
DA:171,0
DA:174,0
DA:175,0
DA:176,0
DA:178,0
DA:184,0
DA:185,0
DA:186,0
DA:188,0
DA:189,0
DA:190,0
DA:191,0
DA:192,0
DA:196,0
LF:89
LH:0
BRDA:32,0,0,0
BRDA:32,0,1,0
BRDA:65,1,0,0
BRDA:65,1,1,0
BRDA:68,2,0,0
BRDA:89,3,0,0
BRDA:111,4,0,0
BRDA:111,4,1,0
BRDA:111,5,0,0
BRDA:111,5,1,0
BRDA:119,6,0,0
BRDA:146,7,0,0
BRDA:146,7,1,0
BRDA:160,8,0,0
BRDA:171,9,0,0
BRDA:175,10,0,0
BRDA:175,10,1,0
BRDA:185,11,0,0
BRF:18
BRH:0
end_of_record
TN:
SF:src/index.js
FNF:0
FNH:0
DA:1,0
DA:3,0
DA:5,0
LF:3
LH:0
BRF:0
BRH:0
end_of_record
TN:
SF:src/index.ts
FNF:0
FNH:0
DA:6,0
LF:1
LH:0
BRF:0
BRH:0
end_of_record
TN:
SF:src/rules/sortArrowFuncObjectParams.ts
FN:13,(anonymous_3)
FN:89,(anonymous_4)
FN:90,(anonymous_5)
FN:96,(anonymous_6)
FN:100,(anonymous_7)
FN:105,(anonymous_8)
FNF:6
FNH:6
FNDA:3,(anonymous_3)
FNDA:3,(anonymous_4)
FNDA:1,(anonymous_5)
FNDA:3,(anonymous_6)
FNDA:3,(anonymous_7)
FNDA:12,(anonymous_8)
DA:2,1
DA:3,1
DA:10,1
DA:11,1
DA:13,1
DA:14,3
DA:19,1
DA:32,1
DA:51,1
DA:59,1
DA:67,1
DA:84,1
DA:90,3
DA:95,3
DA:97,3
DA:100,3
DA:101,3
DA:102,3
DA:105,3
DA:106,12
DA:110,12
DA:114,3
DA:116,0
DA:119,3
LF:24
LH:23
BRDA:14,0,0,3
BRDA:14,0,1,3
BRDA:101,1,0,3
BRDA:106,2,0,12
BRDA:107,3,0,12
BRDA:107,3,1,12
BRF:6
BRH:6
end_of_record
TN:
SF:src/rules/sortEnum.ts
FN:13,(anonymous_0)
FN:87,(anonymous_1)
FN:88,(anonymous_2)
FN:94,(anonymous_3)
FNF:4
FNH:0
FNDA:0,(anonymous_0)
FNDA:0,(anonymous_1)
FNDA:0,(anonymous_2)
FNDA:0,(anonymous_3)
DA:13,0
DA:14,0
DA:18,0
DA:31,0
DA:50,0
DA:58,0
DA:66,0
DA:82,0
DA:88,0
DA:93,0
DA:95,0
DA:97,0
LF:12
LH:0
BRDA:14,0,0,0
BRDA:14,0,1,0
BRF:2
BRH:0
end_of_record
TN:
SF:src/rules/sortInterface.ts
FN:15,(anonymous_3)
FN:95,(anonymous_4)
FN:96,(anonymous_5)
FN:102,(anonymous_6)
FNF:4
FNH:4
FNDA:19,(anonymous_3)
FNDA:19,(anonymous_4)
FNDA:4,(anonymous_5)
FNDA:19,(anonymous_6)
DA:4,1
DA:5,1
DA:6,1
DA:13,1
DA:15,1
DA:16,19
DA:21,1
DA:34,1
DA:53,1
DA:61,1
DA:69,1
DA:76,1
DA:90,1
DA:96,19
DA:101,19
DA:103,19
DA:104,19
LF:17
LH:17
BRDA:16,0,0,19
BRDA:16,0,1,19
BRF:2
BRH:2
end_of_record
TN:
SF:src/rules/sortType.ts
FN:13,(anonymous_3)
FN:87,(anonymous_4)
FN:88,(anonymous_5)
FN:94,(anonymous_6)
FNF:4
FNH:4
FNDA:20,(anonymous_3)
FNDA:18,(anonymous_4)
FNDA:4,(anonymous_5)
FNDA:20,(anonymous_6)
DA:2,1
DA:3,1
DA:4,1
DA:11,1
DA:13,1
DA:14,20
DA:18,1
DA:31,1
DA:50,1
DA:58,1
DA:66,1
DA:82,1
DA:88,18
DA:93,18
DA:95,20
DA:97,20
LF:16
LH:16
BRDA:14,0,0,20
BRDA:14,0,1,20
BRF:2
BRH:2
end_of_record
TN:
SF:src/rules/common/options.ts
FN:3,(anonymous_4)
FN:33,(anonymous_5)
FNF:2
FNH:2
FNDA:3,(anonymous_4)
FNDA:3,(anonymous_5)
DA:3,3
DA:8,3
DA:33,3
LF:3
LH:3
BRDA:3,0,0,3
BRDA:3,0,1,3
BRDA:33,1,0,3
BRDA:33,1,1,3
BRF:4
BRH:4
end_of_record
TN:
SF:src/rules/utils/ast.ts
FN:5,(anonymous_4)
FN:22,(anonymous_5)
FN:78,(anonymous_6)
FN:103,(anonymous_7)
FNF:4
FNH:2
FNDA:0,(anonymous_4)
FNDA:332,(anonymous_5)
FNDA:332,(anonymous_6)
FNDA:0,(anonymous_7)
DA:1,3
DA:3,3
DA:5,3
DA:11,0
DA:13,0
DA:16,0
DA:19,0
DA:22,3
DA:23,332
DA:25,0
DA:27,0
DA:38,332
DA:40,0
DA:43,0
DA:46,0
DA:78,332
DA:85,332
DA:87,332
DA:88,0
DA:91,332
DA:93,0
DA:96,332
DA:99,0
DA:103,3
DA:110,0
DA:113,0
DA:117,0
LF:27
LH:12
BRDA:11,0,0,0
BRDA:11,0,1,0
BRDA:11,0,2,0
BRDA:11,0,3,0
BRDA:23,1,0,0
BRDA:23,1,1,292
BRDA:23,1,2,332
BRDA:23,1,3,0
BRDA:23,1,4,0
BRDA:23,1,5,0
BRDA:87,2,0,0
BRDA:91,3,0,0
BRDA:91,3,1,332
BRDA:91,3,2,0
BRDA:110,4,0,0
BRDA:110,4,1,0
BRDA:110,4,2,0
BRF:17
BRH:3
end_of_record
TN:
SF:src/rules/utils/common.ts
FN:1,(anonymous_1)
FNF:1
FNH:1
FNDA:3,(anonymous_1)
DA:1,3
DA:2,3
DA:6,332
LF:3
LH:3
BRF:0
BRH:0
end_of_record
TN:
SF:src/rules/utils/compare.ts
FN:5,(anonymous_2)
FN:17,(anonymous_3)
FN:27,(anonymous_4)
FN:33,(anonymous_5)
FN:35,(anonymous_6)
FN:38,(anonymous_7)
FN:41,(anonymous_8)
FN:52,(anonymous_9)
FN:53,(anonymous_10)
FNF:9
FNH:6
FNDA:166,(anonymous_2)
FNDA:332,(anonymous_3)
FNDA:166,(anonymous_4)
FNDA:0,(anonymous_5)
FNDA:166,(anonymous_6)
FNDA:0,(anonymous_7)
FNDA:0,(anonymous_8)
FNDA:40,(anonymous_9)
FNDA:166,(anonymous_10)
DA:1,3
DA:3,3
DA:5,3
DA:6,166
DA:7,80
DA:10,86
DA:11,86
DA:14,0
DA:17,3
DA:18,332
DA:21,0
DA:23,332
DA:27,3
DA:31,166
DA:33,3
DA:35,3
DA:36,166
DA:38,3
DA:39,0
DA:41,3
DA:42,0
DA:51,40
DA:52,3
DA:53,40
DA:54,166
DA:55,0
DA:58,166
DA:60,166
DA:61,0
DA:64,166
DA:65,0
DA:68,166
DA:69,166
DA:72,0
LF:34
LH:26
BRDA:6,0,0,80
BRDA:10,1,0,86
BRDA:18,2,0,0
BRDA:18,2,1,332
BRDA:54,3,0,0
BRDA:58,4,0,166
BRDA:58,4,1,0
BRDA:60,5,0,0
BRDA:60,6,0,166
BRDA:60,6,1,166
BRDA:64,7,0,0
BRDA:64,8,0,166
BRDA:64,8,1,0
BRDA:68,9,0,166
BRDA:68,10,0,166
BRDA:68,10,1,166
BRF:16
BRH:10
end_of_record
TN:
SF:src/rules/utils/plugin.ts
FN:20,(anonymous_2)
FN:29,(anonymous_3)
FN:42,(anonymous_4)
FN:51,(anonymous_5)
FN:53,(anonymous_6)
FN:68,(anonymous_7)
FN:71,(anonymous_8)
FN:73,(anonymous_9)
FN:84,(anonymous_10)
FN:90,(anonymous_11)
FN:125,(anonymous_12)
FN:138,(anonymous_13)
FN:145,(anonymous_14)
FN:162,(anonymous_15)
FN:167,(anonymous_16)
FN:168,(anonymous_17)
FN:171,(anonymous_18)
FN:172,(anonymous_19)
FN:176,(anonymous_20)
FN:179,(anonymous_21)
FN:228,(anonymous_22)
FNF:21
FNH:10
FNDA:40,(anonymous_2)
FNDA:0,(anonymous_3)
FNDA:0,(anonymous_4)
FNDA:0,(anonymous_5)
FNDA:0,(anonymous_6)
FNDA:0,(anonymous_7)
FNDA:18,(anonymous_8)
FNDA:50,(anonymous_9)
FNDA:9,(anonymous_10)
FNDA:18,(anonymous_11)
FNDA:0,(anonymous_12)
FNDA:0,(anonymous_13)
FNDA:40,(anonymous_14)
FNDA:42,(anonymous_15)
FNDA:0,(anonymous_16)
FNDA:0,(anonymous_17)
FNDA:0,(anonymous_18)
FNDA:0,(anonymous_19)
FNDA:86,(anonymous_20)
FNDA:122,(anonymous_21)
FNDA:9,(anonymous_22)
DA:1,3
DA:2,3
DA:10,3
DA:13,3
DA:14,3
DA:20,3
DA:21,40
DA:29,40
DA:32,0
DA:33,0
DA:35,0
DA:39,0
DA:42,40
DA:51,40
DA:52,0
DA:53,0
DA:55,0
DA:57,0
DA:60,0
DA:62,0
DA:68,40
DA:69,0
DA:71,40
DA:72,18
DA:73,50
DA:79,18
DA:84,40
DA:90,9
DA:91,18
DA:92,18
DA:93,18
DA:95,18
DA:99,18
DA:105,18
DA:106,2
DA:109,18
DA:111,2
DA:114,18
DA:116,4
DA:119,18
DA:121,0
DA:125,0
DA:132,18
DA:138,0
DA:141,18
DA:145,40
DA:152,40
DA:153,40
DA:154,40
DA:155,40
DA:156,40
DA:157,40
DA:159,40
DA:160,40
DA:162,40
DA:163,42
DA:167,0
DA:168,0
DA:171,0
DA:172,0
DA:176,86
DA:178,42
DA:179,122
DA:185,42
DA:186,80
DA:187,80
DA:188,80
DA:189,80
DA:191,80
DA:202,9
DA:203,9
DA:204,9
DA:206,9
DA:210,9
DA:215,9
DA:229,9
DA:230,9
DA:233,0
LF:78
LH:59
BRDA:35,0,0,0
BRDA:35,0,1,0
BRDA:35,1,0,0
BRDA:35,1,1,0
BRDA:55,2,0,0
BRDA:73,3,0,50
BRDA:73,3,1,28
BRDA:79,4,0,12
BRDA:79,4,1,6
BRDA:79,5,0,18
BRDA:79,5,1,18
BRDA:91,6,0,9
BRDA:91,6,1,9
BRDA:95,7,0,18
BRDA:95,7,1,4
BRDA:95,8,0,0
BRDA:95,8,1,18
BRDA:95,9,0,18
BRDA:95,9,1,18
BRDA:96,10,0,0
BRDA:96,10,1,4
BRDA:96,11,0,4
BRDA:96,11,1,4
BRDA:96,12,0,0
BRDA:96,12,1,4
BRDA:96,13,0,4
BRDA:96,13,1,4
BRDA:100,14,0,0
BRDA:100,14,1,18
BRDA:105,15,0,2
BRDA:109,16,0,2
BRDA:114,17,0,4
BRDA:119,18,0,0
BRDA:152,19,0,40
BRDA:152,19,1,40
BRDA:155,20,0,40
BRDA:155,20,1,0
BRDA:156,21,0,40
BRDA:156,21,1,0
BRDA:156,22,0,40
BRDA:156,22,1,40
BRDA:157,23,0,40
BRDA:157,23,1,0
BRDA:157,24,0,40
BRDA:157,24,1,40
BRDA:163,25,0,0
BRDA:163,25,1,42
BRDA:191,26,0,9
BRDA:192,27,0,80
BRDA:192,27,1,80
BRDA:192,27,2,71
BRDA:192,27,3,0
BRDA:192,27,4,0
BRDA:192,27,5,71
BRDA:192,27,6,0
BRDA:192,27,7,0
BRDA:223,28,0,9
BRDA:223,28,1,0
BRDA:224,29,0,0
BRDA:224,29,1,9
BRDA:225,30,0,0
BRDA:225,30,1,9
BRDA:229,31,0,9
BRF:63
BRH:42
end_of_record
TN:
SF:src/rules/utils/rule.ts
FN:36,(anonymous_1)
FN:49,(anonymous_2)
FNF:2
FNH:2
FNDA:3,(anonymous_1)
FNDA:3,(anonymous_2)
DA:1,3
DA:36,3
DA:48,3
DA:50,3
LF:4
LH:4
BRF:0
BRH:0
end_of_record
TN:
SF:tests/helpers/configs.ts
FNF:0
FNH:0
DA:4,0
DA:6,0
LF:2
LH:0
BRF:0
BRH:0
end_of_record
TN:
SF:tests/helpers/util.ts
FN:29,(anonymous_0)
FN:32,(anonymous_1)
FN:33,(anonymous_2)
FN:44,(anonymous_3)
FNF:4
FNH:0
FNDA:0,(anonymous_0)
FNDA:0,(anonymous_1)
FNDA:0,(anonymous_2)
FNDA:0,(anonymous_3)
DA:29,0
DA:32,0
DA:33,0
DA:35,0
DA:37,0
DA:44,0
DA:46,0
LF:7
LH:0
BRF:0
BRH:0
end_of_record
